<?xml version="1.0" encoding="utf-8"?><testsuites name="pytest tests"><testsuite name="pytest" errors="0" failures="0" skipped="0" tests="28" time="6.145" timestamp="2026-07-03T09:48:12.998892+00:00" hostname="agent-env-934219c3-2eef-4554-ba9d-314941dbd551"><testcase classname="backend.tests.test_auth.TestAuthRegister" name="test_register_success_returns_token_and_user" time="0.565" /><testcase classname="backend.tests.test_auth.TestAuthRegister" name="test_register_duplicate_email_returns_400" time="0.499" /><testcase classname="backend.tests.test_auth.TestAuthRegister" name="test_register_short_password_returns_400" time="0.096" /><testcase classname="backend.tests.test_auth.TestAuthRegister" name="test_register_invalid_email_returns_422" time="0.099" /><testcase classname="backend.tests.test_auth.TestAuthLogin" name="test_login_success_after_register" time="0.595" /><testcase classname="backend.tests.test_auth.TestAuthLogin" name="test_login_wrong_password_returns_401" time="0.600" /><testcase classname="backend.tests.test_auth.TestAuthLogin" name="test_login_unknown_email_returns_401" time="0.103" /><testcase classname="backend.tests.test_auth.TestAuthMe" name="test_me_without_token_returns_401" time="0.077" /><testcase classname="backend.tests.test_auth.TestAuthMe" name="test_me_with_invalid_token_returns_401" time="0.078" /><testcase classname="backend.tests.test_auth.TestAuthMe" name="test_me_with_bearer_returns_user" time="0.355" /><testcase classname="backend.tests.test_auth.TestAuthGoogle" name="test_google_invalid_session_returns_401" time="0.368" /><testcase classname="backend.tests.test_auth.TestAuthLogout" name="test_logout_invalidates_token" time="0.424" /><testcase classname="backend.tests.test_roomie_profile.TestRoomieProfileGetEmpty" name="test_get_empty_profile" time="0.116" /><testcase classname="backend.tests.test_roomie_profile.TestRoomieProfilePutAndGet" name="test_put_then_get_persistence" time="0.148" /><testcase classname="backend.tests.test_roomie_profile.TestRoomieProfilePutAndGet" name="test_put_overwrites_previous_answers" time="0.243" /><testcase classname="backend.tests.test_roomie_profile.TestRoomieProfilePutAndGet" name="test_full_15_answers" time="0.155" /><testcase classname="backend.tests.test_roomie_profile.TestRoomieProfileValidation" name="test_put_missing_answers_field" time="0.071" /><testcase classname="backend.tests.test_roomie_profile.TestRoomieProfileValidation" name="test_put_invalid_answer_type" time="0.087" /><testcase classname="backend.tests.test_roomie_profile.TestRoomieProfileValidation" name="test_put_empty_answers_ok" time="0.104" /><testcase classname="backend.tests.test_roomie_profile.TestRoomieProfileNoMongoId" name="test_no_mongo_id_in_response" time="0.149" /><testcase classname="backend.tests.test_user_profile.TestProfileGetEmpty" name="test_get_empty_profile_returns_null" time="0.072" /><testcase classname="backend.tests.test_user_profile.TestProfilePutAndGet" name="test_put_then_get_persistence" time="0.131" /><testcase classname="backend.tests.test_user_profile.TestProfilePutAndGet" name="test_put_overwrites_previous" time="0.235" /><testcase classname="backend.tests.test_user_profile.TestProfilePutAndGet" name="test_put_minimal_payload_uses_defaults" time="0.093" /><testcase classname="backend.tests.test_user_profile.TestNoMongoIdLeak" name="test_no_mongo_id_in_get" time="0.165" /><testcase classname="backend.tests.test_user_profile.TestNoMongoIdLeak" name="test_no_mongo_id_in_put" time="0.140" /><testcase classname="backend.tests.test_user_profile.TestProfileValidation" name="test_put_invalid_age_type" time="0.061" /><testcase classname="backend.tests.test_user_profile.TestProfileValidation" name="test_put_invalid_has_place_type" time="0.089" /></testsuite></testsuites>