<?xml version="1.0" encoding="utf-8"?><testsuites name="pytest tests"><testsuite name="pytest" errors="0" failures="0" skipped="0" tests="41" time="8.584" timestamp="2026-07-03T13:41:50.370008+00:00" hostname="agent-env-934219c3-2eef-4554-ba9d-314941dbd551"><testcase classname="backend.tests.test_discover.TestCandidates" name="test_candidates_returns_8_demo_users_for_new_user" time="0.324" /><testcase classname="backend.tests.test_discover.TestCandidates" name="test_candidate_shape" time="0.098" /><testcase classname="backend.tests.test_discover.TestCandidates" name="test_sofia_is_female_with_photo" time="0.227" /><testcase classname="backend.tests.test_discover.TestCandidates" name="test_candidates_excludes_self" time="0.076" /><testcase classname="backend.tests.test_discover.TestSwipeAndMatches" name="test_right_swipe_persists_but_no_match" time="0.134" /><testcase classname="backend.tests.test_discover.TestSwipeAndMatches" name="test_my_matches_lists_right_swiped_users" time="0.324" /><testcase classname="backend.tests.test_discover.TestSwipeAndMatches" name="test_left_swipe_does_not_appear_in_matches" time="0.149" /><testcase classname="backend.tests.test_discover.TestSwipeAndMatches" name="test_empty_state_after_all_swiped" time="0.662" /><testcase classname="backend.tests.test_discover.TestUserPublic" name="test_user_public_for_demo_user" time="0.093" /><testcase classname="backend.tests.test_discover.TestUserPublic" name="test_user_public_not_found" time="0.072" /><testcase classname="backend.tests.test_discover.TestProfileForTabIntegration" name="test_put_then_get_full_profile" time="0.166" /><testcase classname="backend.tests.test_discover.TestProfileForTabIntegration" name="test_get_profile_for_unknown_user_is_null" time="0.126" /><testcase classname="backend.tests.test_discover.TestProfileForTabIntegration" name="test_match_count_reflects_right_swipes" time="0.324" /><testcase classname="backend.tests.test_auth.TestAuthRegister" name="test_register_success_returns_token_and_user" time="0.320" /><testcase classname="backend.tests.test_auth.TestAuthRegister" name="test_register_duplicate_email_returns_400" time="0.388" /><testcase classname="backend.tests.test_auth.TestAuthRegister" name="test_register_short_password_returns_400" time="0.098" /><testcase classname="backend.tests.test_auth.TestAuthRegister" name="test_register_invalid_email_returns_422" time="0.070" /><testcase classname="backend.tests.test_auth.TestAuthLogin" name="test_login_success_after_register" time="0.580" /><testcase classname="backend.tests.test_auth.TestAuthLogin" name="test_login_wrong_password_returns_401" time="0.594" /><testcase classname="backend.tests.test_auth.TestAuthLogin" name="test_login_unknown_email_returns_401" time="0.075" /><testcase classname="backend.tests.test_auth.TestAuthMe" name="test_me_without_token_returns_401" time="0.068" /><testcase classname="backend.tests.test_auth.TestAuthMe" name="test_me_with_invalid_token_returns_401" time="0.078" /><testcase classname="backend.tests.test_auth.TestAuthMe" name="test_me_with_bearer_returns_user" time="0.397" /><testcase classname="backend.tests.test_auth.TestAuthGoogle" name="test_google_invalid_session_returns_401" time="0.622" /><testcase classname="backend.tests.test_auth.TestAuthLogout" name="test_logout_invalidates_token" time="0.442" /><testcase classname="backend.tests.test_user_profile.TestProfileGetEmpty" name="test_get_empty_profile_returns_null" time="0.079" /><testcase classname="backend.tests.test_user_profile.TestProfilePutAndGet" name="test_put_then_get_persistence" time="0.151" /><testcase classname="backend.tests.test_user_profile.TestProfilePutAndGet" name="test_put_overwrites_previous" time="0.251" /><testcase classname="backend.tests.test_user_profile.TestProfilePutAndGet" name="test_put_minimal_payload_uses_defaults" time="0.077" /><testcase classname="backend.tests.test_user_profile.TestNoMongoIdLeak" name="test_no_mongo_id_in_get" time="0.143" /><testcase classname="backend.tests.test_user_profile.TestNoMongoIdLeak" name="test_no_mongo_id_in_put" time="0.070" /><testcase classname="backend.tests.test_user_profile.TestProfileValidation" name="test_put_invalid_age_type" time="0.075" /><testcase classname="backend.tests.test_user_profile.TestProfileValidation" name="test_put_invalid_has_place_type" time="0.077" /><testcase classname="backend.tests.test_roomie_profile.TestRoomieProfileGetEmpty" name="test_get_empty_profile" time="0.074" /><testcase classname="backend.tests.test_roomie_profile.TestRoomieProfilePutAndGet" name="test_put_then_get_persistence" time="0.146" /><testcase classname="backend.tests.test_roomie_profile.TestRoomieProfilePutAndGet" name="test_put_overwrites_previous_answers" time="0.231" /><testcase classname="backend.tests.test_roomie_profile.TestRoomieProfilePutAndGet" name="test_full_15_answers" time="0.160" /><testcase classname="backend.tests.test_roomie_profile.TestRoomieProfileValidation" name="test_put_missing_answers_field" time="0.087" /><testcase classname="backend.tests.test_roomie_profile.TestRoomieProfileValidation" name="test_put_invalid_answer_type" time="0.070" /><testcase classname="backend.tests.test_roomie_profile.TestRoomieProfileValidation" name="test_put_empty_answers_ok" time="0.073" /><testcase classname="backend.tests.test_roomie_profile.TestRoomieProfileNoMongoId" name="test_no_mongo_id_in_response" time="0.140" /></testsuite></testsuites>