<?xml version="1.0" encoding="utf-8"?><testsuites name="pytest tests"><testsuite name="pytest" errors="0" failures="0" skipped="0" tests="8" time="1.517" timestamp="2026-06-30T12:47:07.693026+00:00" hostname="agent-env-934219c3-2eef-4554-ba9d-314941dbd551"><testcase classname="backend.tests.test_user_profile.TestProfileGetEmpty" name="test_get_empty_profile_returns_null" time="0.318" /><testcase classname="backend.tests.test_user_profile.TestProfilePutAndGet" name="test_put_then_get_persistence" time="0.292" /><testcase classname="backend.tests.test_user_profile.TestProfilePutAndGet" name="test_put_overwrites_previous" time="0.267" /><testcase classname="backend.tests.test_user_profile.TestProfilePutAndGet" name="test_put_minimal_payload_uses_defaults" time="0.107" /><testcase classname="backend.tests.test_user_profile.TestNoMongoIdLeak" name="test_no_mongo_id_in_get" time="0.137" /><testcase classname="backend.tests.test_user_profile.TestNoMongoIdLeak" name="test_no_mongo_id_in_put" time="0.101" /><testcase classname="backend.tests.test_user_profile.TestProfileValidation" name="test_put_invalid_age_type" time="0.103" /><testcase classname="backend.tests.test_user_profile.TestProfileValidation" name="test_put_invalid_has_place_type" time="0.117" /></testsuite></testsuites>