<?xml version="1.0" encoding="utf-8"?><testsuites name="pytest tests"><testsuite name="pytest" errors="0" failures="0" skipped="0" tests="8" time="1.565" timestamp="2026-06-30T12:24:08.629226+00:00" hostname="agent-env-934219c3-2eef-4554-ba9d-314941dbd551"><testcase classname="backend.tests.test_roomie_profile.TestRoomieProfileGetEmpty" name="test_get_empty_profile" time="0.321" /><testcase classname="backend.tests.test_roomie_profile.TestRoomieProfilePutAndGet" name="test_put_then_get_persistence" time="0.300" /><testcase classname="backend.tests.test_roomie_profile.TestRoomieProfilePutAndGet" name="test_put_overwrites_previous_answers" time="0.228" /><testcase classname="backend.tests.test_roomie_profile.TestRoomieProfilePutAndGet" name="test_full_15_answers" time="0.146" /><testcase classname="backend.tests.test_roomie_profile.TestRoomieProfileValidation" name="test_put_missing_answers_field" time="0.118" /><testcase classname="backend.tests.test_roomie_profile.TestRoomieProfileValidation" name="test_put_invalid_answer_type" time="0.104" /><testcase classname="backend.tests.test_roomie_profile.TestRoomieProfileValidation" name="test_put_empty_answers_ok" time="0.077" /><testcase classname="backend.tests.test_roomie_profile.TestRoomieProfileNoMongoId" name="test_no_mongo_id_in_response" time="0.140" /></testsuite></testsuites>